This is pdfTeX, Version 3.14159265-2.6-1.40.20 (TeX Live 2019/Debian) (preloaded format=pdflatex 2020.6.8)  15 DEC 2020 09:54
entering extended mode
 restricted \write18 enabled.
 %&-line parsing enabled.
**MRS_Module_Host_Documentation.tex
(./MRS_Module_Host_Documentation.tex
LaTeX2e <2020-02-02> patch level 2
L3 programming layer <2020-02-14>
(/usr/share/texlive/texmf-dist/tex/latex/base/article.cls
Document Class: article 2019/12/20 v1.4l Standard LaTeX document class
(/usr/share/texlive/texmf-dist/tex/latex/base/size12.clo
File: size12.clo 2019/12/20 v1.4l Standard LaTeX file (size option)
)
\c@part=\count167
\c@section=\count168
\c@subsection=\count169
\c@subsubsection=\count170
\c@paragraph=\count171
\c@subparagraph=\count172
\c@figure=\count173
\c@table=\count174
\abovecaptionskip=\skip47
\belowcaptionskip=\skip48
\bibindent=\dimen134
)
(/usr/share/texlive/texmf-dist/tex/latex/adjustbox/adjustbox.sty
Package: adjustbox 2019/01/04 v1.2 Adjusting TeX boxes (trim, clip, ...)

(/usr/share/texlive/texmf-dist/tex/latex/xkeyval/xkeyval.sty
Package: xkeyval 2014/12/03 v2.7a package option processing (HA)

(/usr/share/texlive/texmf-dist/tex/generic/xkeyval/xkeyval.tex
(/usr/share/texlive/texmf-dist/tex/generic/xkeyval/xkvutils.tex
\XKV@toks=\toks14
\XKV@tempa@toks=\toks15

(/usr/share/texlive/texmf-dist/tex/generic/xkeyval/keyval.tex))
\XKV@depth=\count175
File: xkeyval.tex 2014/12/03 v2.7a key=value parser (HA)
))
(/usr/share/texlive/texmf-dist/tex/latex/adjustbox/adjcalc.sty
Package: adjcalc 2012/05/16 v1.1 Provides advanced setlength with multiple back
-ends (calc, etex, pgfmath)
)
(/usr/share/texlive/texmf-dist/tex/latex/adjustbox/trimclip.sty
Package: trimclip 2018/04/08 v1.1 Trim and clip general TeX material

(/usr/share/texlive/texmf-dist/tex/latex/graphics/graphicx.sty
Package: graphicx 2019/11/30 v1.2a Enhanced LaTeX Graphics (DPC,SPQR)

(/usr/share/texlive/texmf-dist/tex/latex/graphics/graphics.sty
Package: graphics 2019/11/30 v1.4a Standard LaTeX Graphics (DPC,SPQR)

(/usr/share/texlive/texmf-dist/tex/latex/graphics/trig.sty
Package: trig 2016/01/03 v1.10 sin cos tan (DPC)
)
(/usr/share/texlive/texmf-dist/tex/latex/graphics-cfg/graphics.cfg
File: graphics.cfg 2016/06/04 v1.11 sample graphics configuration
)
Package graphics Info: Driver file: pdftex.def on input line 105.

(/usr/share/texlive/texmf-dist/tex/latex/graphics-def/pdftex.def
File: pdftex.def 2018/01/08 v1.0l Graphics/color driver for pdftex
))
\Gin@req@height=\dimen135
\Gin@req@width=\dimen136
)
(/usr/share/texlive/texmf-dist/tex/latex/collectbox/collectbox.sty
Package: collectbox 2012/05/17 v0.4b Collect macro arguments as boxes
\collectedbox=\box45
)
\tc@llx=\dimen137
\tc@lly=\dimen138
\tc@urx=\dimen139
\tc@ury=\dimen140
Package trimclip Info: Using driver 'tc-pdftex.def'.

(/usr/share/texlive/texmf-dist/tex/latex/adjustbox/tc-pdftex.def
File: tc-pdftex.def 2019/01/04 v2.2 Clipping driver for pdftex
))
\adjbox@Width=\dimen141
\adjbox@Height=\dimen142
\adjbox@Depth=\dimen143
\adjbox@Totalheight=\dimen144
\adjbox@pwidth=\dimen145
\adjbox@pheight=\dimen146
\adjbox@pdepth=\dimen147
\adjbox@ptotalheight=\dimen148

(/usr/share/texlive/texmf-dist/tex/latex/ifoddpage/ifoddpage.sty
Package: ifoddpage 2016/04/23 v1.1 Conditionals for odd/even page detection
\c@checkoddpage=\count176
)
(/usr/share/texlive/texmf-dist/tex/latex/varwidth/varwidth.sty
Package: varwidth 2009/03/30 ver 0.92;  Variable-width minipages
\@vwid@box=\box46
\sift@deathcycles=\count177
\@vwid@loff=\dimen149
\@vwid@roff=\dimen150
))
(/usr/share/texlive/texmf-dist/tex/latex/fancyhdr/fancyhdr.sty
Package: fancyhdr 2019/01/31 v3.10 Extensive control of page headers and footer
s
\f@nch@headwidth=\skip49
\f@nch@O@elh=\skip50
\f@nch@O@erh=\skip51
\f@nch@O@olh=\skip52
\f@nch@O@orh=\skip53
\f@nch@O@elf=\skip54
\f@nch@O@erf=\skip55
\f@nch@O@olf=\skip56
\f@nch@O@orf=\skip57
)
(/usr/share/texlive/texmf-dist/tex/latex/base/inputenc.sty
Package: inputenc 2018/08/11 v1.3c Input encoding file
\inpenc@prehook=\toks16
\inpenc@posthook=\toks17
)
(/usr/share/texlive/texmf-dist/tex/generic/babel/babel.sty
Package: babel 2020/02/14 3.40 The Babel package

(/usr/share/texlive/texmf-dist/tex/generic/babel/switch.def
File: switch.def 2020/02/14 3.40 Babel switching mechanism
)
(/usr/share/texlive/texmf-dist/tex/generic/babel-english/english.ldf
Language: english 2017/06/06 v3.3r English support from the babel system

(/usr/share/texlive/texmf-dist/tex/generic/babel/babel.def
File: babel.def 2020/02/14 3.40 Babel common definitions
\babel@savecnt=\count178
\U@D=\dimen151

(/usr/share/texlive/texmf-dist/tex/generic/babel/txtbabel.def)
\bbl@readstream=\read2
\bbl@dirlevel=\count179
)
Package babel Info: \l@canadian = using hyphenrules for english
(babel)             (\language0) on input line 102.
Package babel Info: \l@australian = using hyphenrules for ukenglish
(babel)             (\language26) on input line 105.
Package babel Info: \l@newzealand = using hyphenrules for ukenglish
(babel)             (\language26) on input line 108.
))
(/usr/share/texlive/texmf-dist/tex/latex/tools/longtable.sty
Package: longtable 2020/01/07 v4.13 Multi-page Table package (DPC)
\LTleft=\skip58
\LTright=\skip59
\LTpre=\skip60
\LTpost=\skip61
\LTchunksize=\count180
\LTcapwidth=\dimen152
\LT@head=\box47
\LT@firsthead=\box48
\LT@foot=\box49
\LT@lastfoot=\box50
\LT@cols=\count181
\LT@rows=\count182
\c@LT@tables=\count183
\c@LT@chunks=\count184
\LT@p@ftn=\toks18
)
(/usr/share/texlive/texmf-dist/tex/latex/geometry/geometry.sty
Package: geometry 2020/01/02 v5.9 Page Geometry

(/usr/share/texlive/texmf-dist/tex/generic/iftex/ifvtex.sty
Package: ifvtex 2019/10/25 v1.7 ifvtex legacy package. Use iftex instead.

(/usr/share/texlive/texmf-dist/tex/generic/iftex/iftex.sty
Package: iftex 2019/11/07 v1.0c TeX engine tests
))
\Gm@cnth=\count185
\Gm@cntv=\count186
\c@Gm@tempcnt=\count187
\Gm@bindingoffset=\dimen153
\Gm@wd@mp=\dimen154
\Gm@odd@mp=\dimen155
\Gm@even@mp=\dimen156
\Gm@layoutwidth=\dimen157
\Gm@layoutheight=\dimen158
\Gm@layouthoffset=\dimen159
\Gm@layoutvoffset=\dimen160
\Gm@dimlist=\toks19
)
(/usr/share/texlive/texmf-dist/tex/latex/graphics/color.sty
Package: color 2019/11/23 v1.2a Standard LaTeX Color (DPC)

(/usr/share/texlive/texmf-dist/tex/latex/graphics-cfg/color.cfg
File: color.cfg 2016/01/02 v1.6 sample color configuration
)
Package color Info: Driver file: pdftex.def on input line 147.
)
(/usr/share/texlive/texmf-dist/tex/latex/soul/soul.sty
Package: soul 2003/11/17 v2.4 letterspacing/underlining (mf)
\SOUL@word=\toks20
\SOUL@lasttoken=\toks21
\SOUL@cmds=\toks22
\SOUL@buffer=\toks23
\SOUL@token=\toks24
\SOUL@spaceskip=\skip62
\SOUL@ttwidth=\dimen161
\SOUL@uldp=\dimen162
\SOUL@ulht=\dimen163
)
(/usr/share/texlive/texmf-dist/tex/latex/booktabs/booktabs.sty
Package: booktabs 2020/01/12 v1.61803398 Publication quality tables
\heavyrulewidth=\dimen164
\lightrulewidth=\dimen165
\cmidrulewidth=\dimen166
\belowrulesep=\dimen167
\belowbottomsep=\dimen168
\aboverulesep=\dimen169
\abovetopsep=\dimen170
\cmidrulesep=\dimen171
\cmidrulekern=\dimen172
\defaultaddspace=\dimen173
\@cmidla=\count188
\@cmidlb=\count189
\@aboverulesep=\dimen174
\@belowrulesep=\dimen175
\@thisruleclass=\count190
\@lastruleclass=\count191
\@thisrulewidth=\dimen176
)
(/usr/share/texlive/texmf-dist/tex/latex/pdfpages/pdfpages.sty
Package: pdfpages 2020/01/28 v0.5q Insert pages of external PDF documents (AM)

(/usr/share/texlive/texmf-dist/tex/latex/base/ifthen.sty
Package: ifthen 2014/09/29 v1.1c Standard LaTeX ifthen package (DPC)
)
(/usr/share/texlive/texmf-dist/tex/latex/tools/calc.sty
Package: calc 2017/05/25 v4.3 Infix arithmetic (KKT,FJ)
\calc@Acount=\count192
\calc@Bcount=\count193
\calc@Adimen=\dimen177
\calc@Bdimen=\dimen178
\calc@Askip=\skip63
\calc@Bskip=\skip64
LaTeX Info: Redefining \setlength on input line 80.
LaTeX Info: Redefining \addtolength on input line 81.
\calc@Ccount=\count194
\calc@Cskip=\skip65
)
(/usr/share/texlive/texmf-dist/tex/latex/eso-pic/eso-pic.sty
Package: eso-pic 2018/04/12 v2.0h eso-pic (RN)

(/usr/share/texlive/texmf-dist/tex/generic/atbegshi/atbegshi.sty
Package: atbegshi 2019/12/05 v1.19 At begin shipout hook (HO)

(/usr/share/texlive/texmf-dist/tex/generic/infwarerr/infwarerr.sty
Package: infwarerr 2019/12/03 v1.5 Providing info/warning/error messages (HO)
)
(/usr/share/texlive/texmf-dist/tex/generic/ltxcmds/ltxcmds.sty
Package: ltxcmds 2019/12/15 v1.24 LaTeX kernel commands for general use (HO)
)))
\AM@pagewidth=\dimen179
\AM@pageheight=\dimen180

(/usr/share/texlive/texmf-dist/tex/latex/pdfpages/pppdftex.def
File: pppdftex.def 2020/01/28 v0.5q Pdfpages driver for pdfTeX (AM)
)
\AM@pagebox=\box51
\AM@global@opts=\toks25
\AM@pagecnt=\count195
\AM@toc@title=\toks26
\c@AM@survey=\count196
\AM@templatesizebox=\box52
)
(/usr/share/texlive/texmf-dist/tex/latex/l3backend/l3backend-pdfmode.def
File: l3backend-pdfmode.def 2020-02-03 L3 backend support: PDF mode
\l__kernel_color_stack_int=\count197
\l__pdf_internal_box=\box53
)
(./MRS_Module_Host_Documentation.aux)
\openout1 = `MRS_Module_Host_Documentation.aux'.

LaTeX Font Info:    Checking defaults for OML/cmm/m/it on input line 52.
LaTeX Font Info:    ... okay on input line 52.
LaTeX Font Info:    Checking defaults for OMS/cmsy/m/n on input line 52.
LaTeX Font Info:    ... okay on input line 52.
LaTeX Font Info:    Checking defaults for OT1/cmr/m/n on input line 52.
LaTeX Font Info:    ... okay on input line 52.
LaTeX Font Info:    Checking defaults for T1/cmr/m/n on input line 52.
LaTeX Font Info:    ... okay on input line 52.
LaTeX Font Info:    Checking defaults for TS1/cmr/m/n on input line 52.
LaTeX Font Info:    ... okay on input line 52.
LaTeX Font Info:    Checking defaults for OMX/cmex/m/n on input line 52.
LaTeX Font Info:    ... okay on input line 52.
LaTeX Font Info:    Checking defaults for U/cmr/m/n on input line 52.
LaTeX Font Info:    ... okay on input line 52.

(/usr/share/texlive/texmf-dist/tex/context/base/mkii/supp-pdf.mkii
[Loading MPS to PDF converter (version 2006.09.02).]
\scratchcounter=\count198
\scratchdimen=\dimen181
\scratchbox=\box54
\nofMPsegments=\count199
\nofMParguments=\count266
\everyMPshowfont=\toks27
\MPscratchCnt=\count267
\MPscratchDim=\dimen182
\MPnumerator=\count268
\makeMPintoPDFobject=\count269
\everyMPtoPDFconversion=\toks28
) (/usr/share/texlive/texmf-dist/tex/latex/epstopdf-pkg/epstopdf-base.sty
Package: epstopdf-base 2020-01-24 v2.11 Base part for package epstopdf
Package epstopdf-base Info: Redefining graphics rule for `.eps' on input line 4
85.

(/usr/share/texlive/texmf-dist/tex/latex/latexconfig/epstopdf-sys.cfg
File: epstopdf-sys.cfg 2010/07/13 v1.3 Configuration of (r)epstopdf for TeX Liv
e
))
*geometry* driver: auto-detecting
*geometry* detected driver: pdftex
*geometry* verbose mode - [ preamble ] result:
* driver: pdftex
* paper: a4paper
* layout: <same size as paper>
* layoutoffset:(h,v)=(0.0pt,0.0pt)
* modes: 
* h-part:(L,W,R)=(56.9055pt, 483.69687pt, 56.9055pt)
* v-part:(T,H,B)=(56.9055pt, 674.33032pt, 113.81102pt)
* \paperwidth=597.50787pt
* \paperheight=845.04684pt
* \textwidth=483.69687pt
* \textheight=674.33032pt
* \oddsidemargin=-15.36449pt
* \evensidemargin=-15.36449pt
* \topmargin=-52.36449pt
* \headheight=50.75pt
* \headsep=25.0pt
* \topskip=12.0pt
* \footskip=30.0pt
* \marginparwidth=35.0pt
* \marginparsep=10.0pt
* \columnsep=10.0pt
* \skip\footins=10.8pt plus 4.0pt minus 2.0pt
* \hoffset=0.0pt
* \voffset=0.0pt
* \mag=1000
* \@twocolumnfalse
* \@twosidefalse
* \@mparswitchfalse
* \@reversemarginfalse
* (1in=72.27pt=25.4mm, 1cm=28.453pt)

\AtBeginShipoutBox=\box55
(/usr/share/texlive/texmf-dist/tex/latex/pdflscape/pdflscape.sty
Package: pdflscape 2019/12/05 v0.12 Display of landscape pages in PDF (HO)

(/usr/share/texlive/texmf-dist/tex/latex/graphics/lscape.sty
Package: lscape 2000/10/22 v3.01 Landscape Pages (DPC)
)
Package pdflscape Info: Auto-detected driver: pdftex on input line 81.
)
<figures/logo_CTU_FEE_MRS_blue.png, id=1, 2254.824pt x 445.665pt>
File: figures/logo_CTU_FEE_MRS_blue.png Graphic file (type png)
<use figures/logo_CTU_FEE_MRS_blue.png>
Package pdftex.def Info: figures/logo_CTU_FEE_MRS_blue.png  used on input line 
54.
(pdftex.def)             Requested size: 483.69687pt x 95.5985pt.
LaTeX Font Info:    External font `cmex10' loaded for size
(Font)              <14.4> on input line 54.
LaTeX Font Info:    External font `cmex10' loaded for size
(Font)              <7> on input line 54.


LaTeX Warning: No \author given.

[1


{/var/lib/texmf/fonts/map/pdftex/updmap/pdftex.map} <./figures/logo_CTU_FEE_MRS
_blue.png>] (./MRS_Module_Host_Documentation.toc
LaTeX Font Info:    External font `cmex10' loaded for size
(Font)              <12> on input line 5.
LaTeX Font Info:    External font `cmex10' loaded for size
(Font)              <8> on input line 5.
LaTeX Font Info:    External font `cmex10' loaded for size
(Font)              <6> on input line 5.
)
\tf@toc=\write3
\openout3 = `MRS_Module_Host_Documentation.toc'.


(./MRS_Module_Host_Documentation.lof)
\tf@lof=\write4
\openout4 = `MRS_Module_Host_Documentation.lof'.

 (./MRS_Module_Host_Documentation.lot)
\tf@lot=\write5
\openout5 = `MRS_Module_Host_Documentation.lot'.


[2]
Underfull \hbox (badness 10000) in paragraph at lines 67--72

 []


Underfull \hbox (badness 10000) in paragraph at lines 67--72

 []

<figures/Thumbnail.png, id=16, 1248.665pt x 1079.03125pt>
File: figures/Thumbnail.png Graphic file (type png)
<use figures/Thumbnail.png>
Package pdftex.def Info: figures/Thumbnail.png  used on input line 75.
(pdftex.def)             Requested size: 435.32422pt x 376.18478pt.
<figures/logo_MRS_short_bw.png, id=17, 1027.84pt x 1027.84pt>
File: figures/logo_MRS_short_bw.png Graphic file (type png)
<use figures/logo_MRS_short_bw.png>
Package pdftex.def Info: figures/logo_MRS_short_bw.png  used on input line 81.
(pdftex.def)             Requested size: 28.99889pt x 29.0pt.
[1 <./figures/logo_MRS_short_bw.png> <./figures/Thumbnail.png>]
<figures/Dimensions.pdf, id=22, 845.04686pt x 597.50786pt>
File: figures/Dimensions.pdf Graphic file (type pdf)
<use figures/Dimensions.pdf>
Package pdftex.def Info: figures/Dimensions.pdf  used on input line 88.
(pdftex.def)             Requested size: 483.69687pt x 342.0053pt.
File: figures/logo_MRS_short_bw.png Graphic file (type png)
<use figures/logo_MRS_short_bw.png>
Package pdftex.def Info: figures/logo_MRS_short_bw.png  used on input line 94.
(pdftex.def)             Requested size: 28.99889pt x 29.0pt.
 [2 <./figures/Dimensions.pdf>]
Underfull \hbox (badness 10000) in paragraph at lines 95--101

 []


Underfull \hbox (badness 10000) in paragraph at lines 95--101

 []

<figures/Connectors_top.pdf, id=27, 845.04686pt x 597.50786pt>
File: figures/Connectors_top.pdf Graphic file (type pdf)
<use figures/Connectors_top.pdf>
Package pdftex.def Info: figures/Connectors_top.pdf  used on input line 122.
(pdftex.def)             Requested size: 338.58632pt x 239.40005pt.
File: figures/logo_MRS_short_bw.png Graphic file (type png)
<use figures/logo_MRS_short_bw.png>
Package pdftex.def Info: figures/logo_MRS_short_bw.png  used on input line 128.

(pdftex.def)             Requested size: 28.99889pt x 29.0pt.
[3 <./figures/Connectors_top.pdf>]
*geometry* verbose mode - [ newgeometry ] result:
* driver: pdftex
* paper: a4paper
* layout: <same size as paper>
* layoutoffset:(h,v)=(0.0pt,0.0pt)
* modes: 
* h-part:(L,W,R)=(28.45274pt, 540.60239pt, 28.45274pt)
* v-part:(T,H,B)=(101.40665pt, 591.5302pt, 152.11pt)
* \paperwidth=597.50787pt
* \paperheight=845.04684pt
* \textwidth=540.60239pt
* \textheight=591.5302pt
* \oddsidemargin=-43.81725pt
* \evensidemargin=-43.81725pt
* \topmargin=-46.61334pt
* \headheight=50.75pt
* \headsep=25.0pt
* \topskip=12.0pt
* \footskip=30.0pt
* \marginparwidth=35.0pt
* \marginparsep=10.0pt
* \columnsep=10.0pt
* \skip\footins=10.8pt plus 4.0pt minus 2.0pt
* \hoffset=0.0pt
* \voffset=0.0pt
* \mag=1000
* \@twocolumnfalse
* \@twosidefalse
* \@mparswitchfalse
* \@reversemarginfalse
* (1in=72.27pt=25.4mm, 1cm=28.453pt)


Overfull \hbox (4.14429pt too wide) in paragraph at lines 132--132
[]|\OT1/cmr/bx/n/12 Quantity| 
 []


Overfull \hbox (8.7849pt too wide) in alignment at lines 130--143
 [] [] [] [] [] 
 []


Underfull \vbox (badness 10000) detected at line 143
 []

File: figures/logo_MRS_short_bw.png Graphic file (type png)
<use figures/logo_MRS_short_bw.png>
Package pdftex.def Info: figures/logo_MRS_short_bw.png  used on input line 145.

(pdftex.def)             Requested size: 28.99889pt x 29.0pt.
[4

]
<figures/Assembly_top.pdf, id=36, 845.04686pt x 597.50786pt>
File: figures/Assembly_top.pdf Graphic file (type pdf)
<use figures/Assembly_top.pdf>
Package pdftex.def Info: figures/Assembly_top.pdf  used on input line 149.
(pdftex.def)             Requested size: 845.0448pt x 597.5064pt.
File: figures/Assembly_top.pdf Graphic file (type pdf)
<use figures/Assembly_top.pdf>
Package pdftex.def Info: figures/Assembly_top.pdf  used on input line 149.
(pdftex.def)             Requested size: 845.0448pt x 597.5064pt.
<figures/Assembly_top.pdf, id=39, page=1, 845.04686pt x 597.50786pt>
File: figures/Assembly_top.pdf Graphic file (type pdf)
<use figures/Assembly_top.pdf, page 1>
Package pdftex.def Info: figures/Assembly_top.pdf , page1 used on input line 14
9.
(pdftex.def)             Requested size: 845.0448pt x 597.5064pt.
File: figures/Assembly_top.pdf Graphic file (type pdf)
<use figures/Assembly_top.pdf, page 1>
Package pdftex.def Info: figures/Assembly_top.pdf , page1 used on input line 14
9.
(pdftex.def)             Requested size: 1056.306pt x 746.88298pt.
File: figures/Assembly_top.pdf Graphic file (type pdf)
<use figures/Assembly_top.pdf, page 1>
Package pdftex.def Info: figures/Assembly_top.pdf , page1 used on input line 14
9.
(pdftex.def)             Requested size: 1056.306pt x 746.88298pt.
File: figures/Assembly_top.pdf Graphic file (type pdf)
<use figures/Assembly_top.pdf, page 1>
Package pdftex.def Info: figures/Assembly_top.pdf , page1 used on input line 14
9.
(pdftex.def)             Requested size: 1056.306pt x 746.88298pt.
File: figures/logo_MRS_short_bw.png Graphic file (type png)
<use figures/logo_MRS_short_bw.png>
Package pdftex.def Info: figures/logo_MRS_short_bw.png  used on input line 149.

(pdftex.def)             Requested size: 28.99889pt x 29.0pt.
File: figures/Assembly_top.pdf Graphic file (type pdf)
<use figures/Assembly_top.pdf, page 1>
Package pdftex.def Info: figures/Assembly_top.pdf , page1 used on input line 14
9.
(pdftex.def)             Requested size: 1056.306pt x 746.88298pt.
 [5

 <./figures/Assembly_top.pdf>]
<figures/Schematic.pdf, id=46, 845.04686pt x 597.50786pt>
File: figures/Schematic.pdf Graphic file (type pdf)
<use figures/Schematic.pdf>
Package pdftex.def Info: figures/Schematic.pdf  used on input line 154.
(pdftex.def)             Requested size: 676.0384pt x 478.00693pt.

Overfull \vbox (34.09143pt too high) has occurred while \output is active []

File: figures/logo_MRS_short_bw.png Graphic file (type png)
<use figures/logo_MRS_short_bw.png>
Package pdftex.def Info: figures/logo_MRS_short_bw.png  used on input line 156.

(pdftex.def)             Requested size: 28.99889pt x 29.0pt.

[6 <./figures/Schematic.pdf>] (./MRS_Module_Host_Documentation.aux) ) 
Here is how much of TeX's memory you used:
 4890 strings out of 482368
 74309 string characters out of 5941919
 341514 words of memory out of 5000000
 19874 multiletter control sequences out of 15000+600000
 538634 words of font info for 45 fonts, out of 8000000 for 9000
 428 hyphenation exceptions out of 8191
 45i,21n,70p,303b,581s stack positions out of 5000i,500n,10000p,200000b,80000s
</usr/shar
e/texlive/texmf-dist/fonts/type1/public/amsfonts/cm/cmbx12.pfb></usr/share/texl
ive/texmf-dist/fonts/type1/public/amsfonts/cm/cmr12.pfb></usr/share/texlive/tex
mf-dist/fonts/type1/public/amsfonts/cm/cmr17.pfb></usr/share/texlive/texmf-dist
/fonts/type1/public/amsfonts/cm/cmti12.pfb></usr/share/texlive/texmf-dist/fonts
/type1/public/amsfonts/cm/cmtt12.pfb>
Output written on MRS_Module_Host_Documentation.pdf (8 pages, 505727 bytes).
PDF statistics:
 80 PDF objects out of 1000 (max. 8388607)
 50 compressed objects within 1 object stream
 0 named destinations out of 1000 (max. 500000)
 51 words of extra memory for PDF output out of 10000 (max. 10000000)

